
  Revision History of Stephens 1550 files prior to 3-20-95:

  Directory of  f:\greek\stephens\*.*

     1co  17203  91-01-27 Date of original revision
     1jo   4502  91-01-27
     1pe   5428  91-01-27
     1th   4234  91-01-27
     1ti   5338  91-01-27
     2co  11895  91-01-27
     2jo    900  91-01-27
     2pe   3646  91-01-27
     2th   2473  91-01-27
     2ti   4210  91-01-27
     3jo    903  91-01-27
     ac   48153  91-01-27
     col   4607  91-01-27
     eph   6637  91-01-27
     ga    6365  91-01-27
     heb  14163  91-01-27
     jas   5311  91-01-27
     joh  33947  91-01-27
     jude  1746  91-01-27
     mt   43914  91-01-27
     phm   1214  91-01-27
     php   4794  91-01-27
     re   20778  91-01-27
     tit   2474  91-01-27

  Files subsequently corrected, with dates and times:

     mr   28295  92-02-11  15.32
     ro   17911  92-03-04  11.24
     lu   48775  95-01-21  11.44








     
     
     
     
